Using pre-set license
Built from '2020.3/release' branch; Version is '2020.3.27f1 (e759542391ea) revision 15161684'; Using compiler version '192528614'; Build Type 'Release'
OS: 'Windows 10  (10.0.19043) 64bit Core' Language: 'fr' Physical Memory: 16145 MB
BatchMode: 1, IsHumanControllingUs: 0, StartBugReporterOnCrash: 0, Is64bit: 1, IsPro: 0

COMMAND LINE ARGUMENTS:
C:\Users\timot\Desktop\2020.3.27f1\Editor\Unity.exe
-adb2
-batchMode
-noUpm
-name
AssetImportWorker0
-projectPath
C:/Users/timot/Desktop/Final Projet S2/projet-S2/Projet_S2_Sky_Lights
-logFile
Logs/AssetImportWorker0.log
-srvPort
62101
Successfully changed project path to: C:/Users/timot/Desktop/Final Projet S2/projet-S2/Projet_S2_Sky_Lights
C:/Users/timot/Desktop/Final Projet S2/projet-S2/Projet_S2_Sky_Lights
Using Asset Import Pipeline V2.
Refreshing native plugins compatible for Editor in 197.69 ms, found 5 plugins.
Preloading 0 native plugins for Editor in 0.00 ms.
Initialize engine version: 2020.3.27f1 (e759542391ea)
[Subsystems] Discovering subsystems at path C:/Users/timot/Desktop/2020.3.27f1/Editor/Data/Resources/UnitySubsystems
[Subsystems] Discovering subsystems at path C:/Users/timot/Desktop/Final Projet S2/projet-S2/Projet_S2_Sky_Lights/Assets
GfxDevice: creating device client; threaded=0
Direct3D:
    Version:  Direct3D 11.0 [level 11.1]
    Renderer: Intel(R) Iris(R) Xe Graphics (ID=0x9a49)
    Vendor:   
    VRAM:     8072 MB
    Driver:   30.0.101.1191
Initialize mono
Mono path[0] = 'C:/Users/timot/Desktop/2020.3.27f1/Editor/Data/Managed'
Mono path[1] = 'C:/Users/timot/Desktop/2020.3.27f1/Editor/Data/MonoBleedingEdge/lib/mono/unityjit'
Mono config path = 'C:/Users/timot/Desktop/2020.3.27f1/Editor/Data/MonoBleedingEdge/etc'
Using monoOptions --debugger-agent=transport=dt_socket,embedding=1,server=y,suspend=n,address=127.0.0.1:56220
Begin MonoManager ReloadAssembly
Registering precompiled unity dll's ...
Register platform support module: C:/Users/timot/Desktop/2020.3.27f1/Editor/Data/PlaybackEngines/WindowsStandaloneSupport/UnityEditor.WindowsStandalone.Extensions.dll
Registered in 0.010003 seconds.
Native extension for WindowsStandalone target not found
Refreshing native plugins compatible for Editor in 126.87 ms, found 5 plugins.
Preloading 0 native plugins for Editor in 0.00 ms.
Mono: successfully reloaded assembly
- Completed reload, in  1.800 seconds
Domain Reload Profiling:
	ReloadAssembly (1801ms)
		BeginReloadAssembly (216ms)
			ExecutionOrderSort (0ms)
			DisableScriptedObjects (0ms)
			BackupInstance (0ms)
			ReleaseScriptingObjects (0ms)
			CreateAndSetChildDomain (2ms)
		EndReloadAssembly (1340ms)
			LoadAssemblies (209ms)
			RebuildTransferFunctionScriptingTraits (0ms)
			SetupTypeCache (419ms)
			ReleaseScriptCaches (0ms)
			RebuildScriptCaches (88ms)
			SetupLoadedEditorAssemblies (514ms)
				LogAssemblyErrors (0ms)
				InitializePlatformSupportModulesInManaged (17ms)
				SetLoadedEditorAssemblies (1ms)
				RefreshPlugins (130ms)
				BeforeProcessingInitializeOnLoad (39ms)
				ProcessInitializeOnLoadAttributes (246ms)
				ProcessInitializeOnLoadMethodAttributes (81ms)
				AfterProcessingInitializeOnLoad (0ms)
				EditorAssembliesLoaded (1ms)
			ExecutionOrderSort2 (0ms)
			AwakeInstancesAfterBackupRestoration (0ms)
Platform modules already initialized, skipping
Registering precompiled user dll's ...
Registered in 0.042867 seconds.
Begin MonoManager ReloadAssembly
Native extension for WindowsStandalone target not found
Refreshing native plugins compatible for Editor in 2.07 ms, found 5 plugins.
Preloading 0 native plugins for Editor in 0.00 ms.
Mono: successfully reloaded assembly
- Completed reload, in  3.269 seconds
Domain Reload Profiling:
	ReloadAssembly (3274ms)
		BeginReloadAssembly (504ms)
			ExecutionOrderSort (0ms)
			DisableScriptedObjects (16ms)
			BackupInstance (0ms)
			ReleaseScriptingObjects (0ms)
			CreateAndSetChildDomain (51ms)
		EndReloadAssembly (2557ms)
			LoadAssemblies (357ms)
			RebuildTransferFunctionScriptingTraits (0ms)
			SetupTypeCache (845ms)
			ReleaseScriptCaches (1ms)
			RebuildScriptCaches (137ms)
			SetupLoadedEditorAssemblies (1002ms)
				LogAssemblyErrors (0ms)
				InitializePlatformSupportModulesInManaged (17ms)
				SetLoadedEditorAssemblies (1ms)
				RefreshPlugins (3ms)
				BeforeProcessingInitializeOnLoad (281ms)
				ProcessInitializeOnLoadAttributes (637ms)
				ProcessInitializeOnLoadMethodAttributes (32ms)
				AfterProcessingInitializeOnLoad (29ms)
				EditorAssembliesLoaded (1ms)
			ExecutionOrderSort2 (0ms)
			AwakeInstancesAfterBackupRestoration (19ms)
Platform modules already initialized, skipping
========================================================================
Worker process is ready to serve import requests
Launched and connected shader compiler UnityShaderCompiler.exe after 0.13 seconds
Refreshing native plugins compatible for Editor in 1.71 ms, found 5 plugins.
Preloading 0 native plugins for Editor in 0.00 ms.
Unloading 1922 Unused Serialized files (Serialized files now loaded: 0)
System memory in use before: 94.8 MB.
System memory in use after: 94.8 MB.

Unloading 60 unused Assets to reduce memory usage. Loaded Objects now: 2334.
Total: 7.790700 ms (FindLiveObjects: 0.267700 ms CreateObjectMapping: 0.126600 ms MarkObjects: 7.075900 ms  DeleteObjects: 0.317600 ms)

AssetImportParameters requested are different than current active one (requested -> active):
  custom:framework-win-MediaFoundation: 216162199b28c13a410421893ffa2e32 -> 
  custom:video-decoder-ogg-theora: a1e56fd34408186e4bbccfd4996cb3dc -> 
  custom:container-muxer-webm: aa71ff27fc2769a1b78a27578f13a17b -> 
  custom:container-demuxer-webm: 4f35f7cbe854078d1ac9338744f61a02 -> 
  custom:container-demuxer-ogg: 62fdf1f143b41e24485cea50d1cbac27 -> 
  custom:video-encoder-webm-vp8: eb34c28f22e8b96e1ab97ce403110664 -> 
  custom:video-codec-MediaFoundation-h265: 746d11721c4dcdbdad8f713fa42b33f4 -> 
  custom:video-decoder-webm-vp8: 9c59270c3fd7afecdb556c50c9e8de78 -> 
  custom:audio-decoder-ogg-vorbis: bf7c407c2cedff20999df2af8eb42d56 -> 
  custom:audio-encoder-webm-vorbis: bf7c407c2cedff20999df2af8eb42d56 -> 
========================================================================
Received Import Request.
  path: Assets/TerrainData_9e139f97-2575-4688-b7fe-f3c772110572.asset
  artifactKey: Guid(f1888ef2462c8c04cb7cf37558364417) Importer(815301076,1909f56bfc062723c751e8b465ee728b)
Start importing Assets/TerrainData_9e139f97-2575-4688-b7fe-f3c772110572.asset using Guid(f1888ef2462c8c04cb7cf37558364417) Importer(815301076,1909f56bfc062723c751e8b465ee728b)  -> (artifact id: '3f3d74e05a39ceb843b801a0ceba77e2') in 0.221576 seconds 
  Import took 0.233900 seconds .

========================================================================
Received Import Request.
  Time since last request: 0.001285 seconds.
  path: Assets/TerrainData_2f3c55d9-41ee-4874-8d66-d1e0ec5bd71e.asset
  artifactKey: Guid(8f046e54ec1eae747840d8b74080023c) Importer(815301076,1909f56bfc062723c751e8b465ee728b)
Start importing Assets/TerrainData_2f3c55d9-41ee-4874-8d66-d1e0ec5bd71e.asset using Guid(8f046e54ec1eae747840d8b74080023c) Importer(815301076,1909f56bfc062723c751e8b465ee728b)  -> (artifact id: '3bf831f13822935be57af840032384ed') in 0.026318 seconds 
  Import took 0.038797 seconds .

========================================================================
Received Import Request.
  Time since last request: 0.001087 seconds.
  path: Assets/New Terrain 5.asset
  artifactKey: Guid(2fef5861ab2aa0d4792ae5e925cff876) Importer(815301076,1909f56bfc062723c751e8b465ee728b)
Start importing Assets/New Terrain 5.asset using Guid(2fef5861ab2aa0d4792ae5e925cff876) Importer(815301076,1909f56bfc062723c751e8b465ee728b)  -> (artifact id: '88f7db12ee9711cab2c192e497088f07') in 0.030675 seconds 
  Import took 0.043950 seconds .

========================================================================
Received Import Request.
  Time since last request: 0.001233 seconds.
  path: Assets/TerrainData_9e0027bd-2281-4df2-b315-98ec71eae406.asset
  artifactKey: Guid(d7267317060fc2840bc61776c2d528b1) Importer(815301076,1909f56bfc062723c751e8b465ee728b)
Start importing Assets/TerrainData_9e0027bd-2281-4df2-b315-98ec71eae406.asset using Guid(d7267317060fc2840bc61776c2d528b1) Importer(815301076,1909f56bfc062723c751e8b465ee728b)  -> (artifact id: 'ac83603ce8caa26cb590c749988bbbdd') in 0.023621 seconds 
  Import took 0.036024 seconds .

========================================================================
Received Import Request.
  Time since last request: 0.001075 seconds.
  path: Assets/TerrainData_5f69ee12-c729-425f-b523-601d741bfa81.asset
  artifactKey: Guid(0189020d1c14b1a4180e2f3b6b0c1be2) Importer(815301076,1909f56bfc062723c751e8b465ee728b)
Start importing Assets/TerrainData_5f69ee12-c729-425f-b523-601d741bfa81.asset using Guid(0189020d1c14b1a4180e2f3b6b0c1be2) Importer(815301076,1909f56bfc062723c751e8b465ee728b)  -> (artifact id: 'e11f6f6abf7a4def38ab7f1dd2c3f3c6') in 0.029052 seconds 
  Import took 0.041260 seconds .

========================================================================
Received Import Request.
  Time since last request: 0.000985 seconds.
  path: Assets/New Terrain 6.asset
  artifactKey: Guid(911955cad9336944e80f4f9264992514) Importer(815301076,1909f56bfc062723c751e8b465ee728b)
Start importing Assets/New Terrain 6.asset using Guid(911955cad9336944e80f4f9264992514) Importer(815301076,1909f56bfc062723c751e8b465ee728b)  -> (artifact id: '1ff854e46d1a88c2876db623f2fb9fc5') in 0.024742 seconds 
  Import took 0.034737 seconds .

========================================================================
Received Import Request.
  Time since last request: 24.251211 seconds.
  path: Assets/Scenes/menu test V1.unity
  artifactKey: Guid(9da18a989f7b7fb4db18cdc8eee5c8c6) Importer(815301076,1909f56bfc062723c751e8b465ee728b)
Start importing Assets/Scenes/menu test V1.unity using Guid(9da18a989f7b7fb4db18cdc8eee5c8c6) Importer(815301076,1909f56bfc062723c751e8b465ee728b)  -> (artifact id: 'a92ca219f558b705aa482f1e4bbbd5ad') in 0.011131 seconds 
  Import took 0.022616 seconds .

========================================================================
Received Import Request.
  Time since last request: 133.053295 seconds.
  path: Assets/Scenes/Map0.unity
  artifactKey: Guid(fa3441cd43c9a164aa2b2c4c32ff176e) Importer(815301076,1909f56bfc062723c751e8b465ee728b)
Start importing Assets/Scenes/Map0.unity using Guid(fa3441cd43c9a164aa2b2c4c32ff176e) Importer(815301076,1909f56bfc062723c751e8b465ee728b)  -> (artifact id: '954eb3d8f13e585476938f72aefcb984') in 0.007273 seconds 
  Import took 0.019211 seconds .

========================================================================
Received Prepare
Registering precompiled user dll's ...
Registered in 0.037293 seconds.
Begin MonoManager ReloadAssembly
Native extension for WindowsStandalone target not found
Refreshing native plugins compatible for Editor in 1.69 ms, found 5 plugins.
Preloading 0 native plugins for Editor in 0.00 ms.
Mono: successfully reloaded assembly
- Completed reload, in  3.071 seconds
Domain Reload Profiling:
	ReloadAssembly (3076ms)
		BeginReloadAssembly (416ms)
			ExecutionOrderSort (0ms)
			DisableScriptedObjects (16ms)
			BackupInstance (0ms)
			ReleaseScriptingObjects (0ms)
			CreateAndSetChildDomain (87ms)
		EndReloadAssembly (2410ms)
			LoadAssemblies (424ms)
			RebuildTransferFunctionScriptingTraits (0ms)
			SetupTypeCache (807ms)
			ReleaseScriptCaches (2ms)
			RebuildScriptCaches (107ms)
			SetupLoadedEditorAssemblies (892ms)
				LogAssemblyErrors (0ms)
				InitializePlatformSupportModulesInManaged (16ms)
				SetLoadedEditorAssemblies (1ms)
				RefreshPlugins (2ms)
				BeforeProcessingInitializeOnLoad (273ms)
				ProcessInitializeOnLoadAttributes (540ms)
				ProcessInitializeOnLoadMethodAttributes (30ms)
				AfterProcessingInitializeOnLoad (29ms)
				EditorAssembliesLoaded (1ms)
			ExecutionOrderSort2 (0ms)
			AwakeInstancesAfterBackupRestoration (19ms)
Platform modules already initialized, skipping
Refreshing native plugins compatible for Editor in 1.71 ms, found 5 plugins.
Preloading 0 native plugins for Editor in 0.00 ms.
Unloading 1915 Unused Serialized files (Serialized files now loaded: 0)
System memory in use before: 94.7 MB.
System memory in use after: 94.8 MB.

Unloading 54 unused Assets to reduce memory usage. Loaded Objects now: 2337.
Total: 7.007500 ms (FindLiveObjects: 0.295500 ms CreateObjectMapping: 0.238900 ms MarkObjects: 6.422100 ms  DeleteObjects: 0.048100 ms)

AssetImportParameters requested are different than current active one (requested -> active):
  custom:framework-win-MediaFoundation: 216162199b28c13a410421893ffa2e32 -> 
  custom:video-decoder-ogg-theora: a1e56fd34408186e4bbccfd4996cb3dc -> 
  custom:container-muxer-webm: aa71ff27fc2769a1b78a27578f13a17b -> 
  custom:container-demuxer-webm: 4f35f7cbe854078d1ac9338744f61a02 -> 
  custom:container-demuxer-ogg: 62fdf1f143b41e24485cea50d1cbac27 -> 
  custom:video-encoder-webm-vp8: eb34c28f22e8b96e1ab97ce403110664 -> 
  custom:video-codec-MediaFoundation-h265: 746d11721c4dcdbdad8f713fa42b33f4 -> 
  custom:video-decoder-webm-vp8: 9c59270c3fd7afecdb556c50c9e8de78 -> 
  custom:audio-decoder-ogg-vorbis: bf7c407c2cedff20999df2af8eb42d56 -> 
  custom:audio-encoder-webm-vorbis: bf7c407c2cedff20999df2af8eb42d56 -> 
AssetImportWorkerClient::OnTransportError - code=2 error=End of file
