Using pre-set license
Built from '2020.3/release' branch; Version is '2020.3.27f1 (e759542391ea) revision 15161684'; Using compiler version '192528614'; Build Type 'Release'
OS: 'Windows 11  (10.0.22000) 64bit Core' Language: 'fr' Physical Memory: 16145 MB
BatchMode: 1, IsHumanControllingUs: 0, StartBugReporterOnCrash: 0, Is64bit: 1, IsPro: 0

COMMAND LINE ARGUMENTS:
C:\Program Files\Unity\Hub\Editor\2020.3.27f1\Editor\Unity.exe
-adb2
-batchMode
-noUpm
-name
AssetImportWorker0
-projectPath
C:/Users/charl/OneDrive/Bureau/sauvegarde/test3/projet-S2/Projet_S2_Sky_Lights
-logFile
Logs/AssetImportWorker0.log
-srvPort
56889
Successfully changed project path to: C:/Users/charl/OneDrive/Bureau/sauvegarde/test3/projet-S2/Projet_S2_Sky_Lights
C:/Users/charl/OneDrive/Bureau/sauvegarde/test3/projet-S2/Projet_S2_Sky_Lights
Using Asset Import Pipeline V2.
Refreshing native plugins compatible for Editor in 60.22 ms, found 5 plugins.
Preloading 0 native plugins for Editor in 0.00 ms.
Initialize engine version: 2020.3.27f1 (e759542391ea)
[Subsystems] Discovering subsystems at path C:/Program Files/Unity/Hub/Editor/2020.3.27f1/Editor/Data/Resources/UnitySubsystems
[Subsystems] Discovering subsystems at path C:/Users/charl/OneDrive/Bureau/sauvegarde/test3/projet-S2/Projet_S2_Sky_Lights/Assets
GfxDevice: creating device client; threaded=0
Direct3D:
    Version:  Direct3D 11.0 [level 11.1]
    Renderer: Intel(R) Iris(R) Xe Graphics (ID=0x9a49)
    Vendor:   
    VRAM:     8072 MB
    Driver:   30.0.101.1191
Initialize mono
Mono path[0] = 'C:/Program Files/Unity/Hub/Editor/2020.3.27f1/Editor/Data/Managed'
Mono path[1] = 'C:/Program Files/Unity/Hub/Editor/2020.3.27f1/Editor/Data/MonoBleedingEdge/lib/mono/unityjit'
Mono config path = 'C:/Program Files/Unity/Hub/Editor/2020.3.27f1/Editor/Data/MonoBleedingEdge/etc'
Using monoOptions --debugger-agent=transport=dt_socket,embedding=1,server=y,suspend=n,address=127.0.0.1:56632
Begin MonoManager ReloadAssembly
Registering precompiled unity dll's ...
Register platform support module: C:/Program Files/Unity/Hub/Editor/2020.3.27f1/Editor/Data/PlaybackEngines/WindowsStandaloneSupport/UnityEditor.WindowsStandalone.Extensions.dll
Registered in 0.001506 seconds.
Native extension for WindowsStandalone target not found
Refreshing native plugins compatible for Editor in 41.58 ms, found 5 plugins.
Preloading 0 native plugins for Editor in 0.00 ms.
Mono: successfully reloaded assembly
- Completed reload, in  0.534 seconds
Domain Reload Profiling:
	ReloadAssembly (534ms)
		BeginReloadAssembly (57ms)
			ExecutionOrderSort (0ms)
			DisableScriptedObjects (0ms)
			BackupInstance (0ms)
			ReleaseScriptingObjects (0ms)
			CreateAndSetChildDomain (1ms)
		EndReloadAssembly (419ms)
			LoadAssemblies (55ms)
			RebuildTransferFunctionScriptingTraits (0ms)
			SetupTypeCache (116ms)
			ReleaseScriptCaches (0ms)
			RebuildScriptCaches (24ms)
			SetupLoadedEditorAssemblies (174ms)
				LogAssemblyErrors (0ms)
				InitializePlatformSupportModulesInManaged (3ms)
				SetLoadedEditorAssemblies (0ms)
				RefreshPlugins (42ms)
				BeforeProcessingInitializeOnLoad (16ms)
				ProcessInitializeOnLoadAttributes (84ms)
				ProcessInitializeOnLoadMethodAttributes (28ms)
				AfterProcessingInitializeOnLoad (0ms)
				EditorAssembliesLoaded (0ms)
			ExecutionOrderSort2 (0ms)
			AwakeInstancesAfterBackupRestoration (0ms)
Platform modules already initialized, skipping
Registering precompiled user dll's ...
Registered in 0.007404 seconds.
Begin MonoManager ReloadAssembly
Native extension for WindowsStandalone target not found
Refreshing native plugins compatible for Editor in 0.55 ms, found 5 plugins.
Preloading 0 native plugins for Editor in 0.00 ms.
Mono: successfully reloaded assembly
- Completed reload, in  0.857 seconds
Domain Reload Profiling:
	ReloadAssembly (858ms)
		BeginReloadAssembly (120ms)
			ExecutionOrderSort (0ms)
			DisableScriptedObjects (3ms)
			BackupInstance (0ms)
			ReleaseScriptingObjects (0ms)
			CreateAndSetChildDomain (16ms)
		EndReloadAssembly (691ms)
			LoadAssemblies (82ms)
			RebuildTransferFunctionScriptingTraits (0ms)
			SetupTypeCache (223ms)
			ReleaseScriptCaches (0ms)
			RebuildScriptCaches (43ms)
			SetupLoadedEditorAssemblies (269ms)
				LogAssemblyErrors (0ms)
				InitializePlatformSupportModulesInManaged (4ms)
				SetLoadedEditorAssemblies (0ms)
				RefreshPlugins (1ms)
				BeforeProcessingInitializeOnLoad (55ms)
				ProcessInitializeOnLoadAttributes (187ms)
				ProcessInitializeOnLoadMethodAttributes (14ms)
				AfterProcessingInitializeOnLoad (8ms)
				EditorAssembliesLoaded (0ms)
			ExecutionOrderSort2 (0ms)
			AwakeInstancesAfterBackupRestoration (6ms)
Platform modules already initialized, skipping
========================================================================
Worker process is ready to serve import requests
Launched and connected shader compiler UnityShaderCompiler.exe after 0.13 seconds
Refreshing native plugins compatible for Editor in 0.81 ms, found 5 plugins.
Preloading 0 native plugins for Editor in 0.00 ms.
Unloading 1922 Unused Serialized files (Serialized files now loaded: 0)
System memory in use before: 95.4 MB.
System memory in use after: 95.5 MB.

Unloading 60 unused Assets to reduce memory usage. Loaded Objects now: 2334.
Total: 2.178000 ms (FindLiveObjects: 0.104200 ms CreateObjectMapping: 0.032700 ms MarkObjects: 1.971300 ms  DeleteObjects: 0.069000 ms)

AssetImportParameters requested are different than current active one (requested -> active):
  custom:framework-win-MediaFoundation: 216162199b28c13a410421893ffa2e32 -> 
  custom:video-decoder-ogg-theora: a1e56fd34408186e4bbccfd4996cb3dc -> 
  custom:container-muxer-webm: aa71ff27fc2769a1b78a27578f13a17b -> 
  custom:container-demuxer-webm: 4f35f7cbe854078d1ac9338744f61a02 -> 
  custom:container-demuxer-ogg: 62fdf1f143b41e24485cea50d1cbac27 -> 
  custom:video-encoder-webm-vp8: eb34c28f22e8b96e1ab97ce403110664 -> 
  custom:video-codec-MediaFoundation-h265: 746d11721c4dcdbdad8f713fa42b33f4 -> 
  custom:video-decoder-webm-vp8: 9c59270c3fd7afecdb556c50c9e8de78 -> 
  custom:audio-decoder-ogg-vorbis: bf7c407c2cedff20999df2af8eb42d56 -> 
  custom:audio-encoder-webm-vorbis: bf7c407c2cedff20999df2af8eb42d56 -> 
========================================================================
Received Import Request.
  path: Assets/TerrainData_5d4f0627-72f9-4cb6-84be-56498c84c0a6.asset
  artifactKey: Guid(2daffe09d4c4fb34e9e7f5de7d104ecf) Importer(815301076,1909f56bfc062723c751e8b465ee728b)
Start importing Assets/TerrainData_5d4f0627-72f9-4cb6-84be-56498c84c0a6.asset using Guid(2daffe09d4c4fb34e9e7f5de7d104ecf) Importer(815301076,1909f56bfc062723c751e8b465ee728b)  -> (artifact id: '12c7d453b0706f5cfeb00d8ed57b9af5') in 0.404073 seconds 
  Import took 0.408870 seconds .

========================================================================
Received Import Request.
  Time since last request: 0.000681 seconds.
  path: Assets/TerrainData_844c5507-0ae9-4107-91c4-ae135b2142c9.asset
  artifactKey: Guid(2d5a0d2d13895a5428f6961c4498c3f7) Importer(815301076,1909f56bfc062723c751e8b465ee728b)
Start importing Assets/TerrainData_844c5507-0ae9-4107-91c4-ae135b2142c9.asset using Guid(2d5a0d2d13895a5428f6961c4498c3f7) Importer(815301076,1909f56bfc062723c751e8b465ee728b)  -> (artifact id: 'd96ac782cab9526ff9300fc024ae57ec') in 0.013535 seconds 
  Import took 0.017949 seconds .

========================================================================
Received Import Request.
  Time since last request: 0.000307 seconds.
  path: Assets/TerrainData_356e7d0e-6a1b-4e38-93be-08213f3e0556.asset
  artifactKey: Guid(b959d60aefa119e448b39ba0d718edfc) Importer(815301076,1909f56bfc062723c751e8b465ee728b)
Start importing Assets/TerrainData_356e7d0e-6a1b-4e38-93be-08213f3e0556.asset using Guid(b959d60aefa119e448b39ba0d718edfc) Importer(815301076,1909f56bfc062723c751e8b465ee728b)  -> (artifact id: '03e0e35a718495250b8f9d32d1746226') in 0.010861 seconds 
  Import took 0.016698 seconds .

========================================================================
Received Import Request.
  Time since last request: 0.000380 seconds.
  path: Assets/TerrainData_2b95597a-4f6a-4505-90f3-b393a8854032.asset
  artifactKey: Guid(5b1011c8f53ce93439e9fe8bb5c6421d) Importer(815301076,1909f56bfc062723c751e8b465ee728b)
Start importing Assets/TerrainData_2b95597a-4f6a-4505-90f3-b393a8854032.asset using Guid(5b1011c8f53ce93439e9fe8bb5c6421d) Importer(815301076,1909f56bfc062723c751e8b465ee728b)  -> (artifact id: '75b4ee2af4c3d1dcc22bee0a045d2c4f') in 0.012167 seconds 
  Import took 0.016483 seconds .

========================================================================
Received Import Request.
  Time since last request: 0.000319 seconds.
  path: Assets/New Terrain 4.asset
  artifactKey: Guid(912d413f4a0b7fd4da5ea99afd5b30ce) Importer(815301076,1909f56bfc062723c751e8b465ee728b)
Start importing Assets/New Terrain 4.asset using Guid(912d413f4a0b7fd4da5ea99afd5b30ce) Importer(815301076,1909f56bfc062723c751e8b465ee728b)  -> (artifact id: 'ece8675d2d81e3a85539ef454f7793ff') in 0.038364 seconds 
  Import took 0.043015 seconds .

========================================================================
Received Import Request.
  Time since last request: 0.000374 seconds.
  path: Assets/TerrainData_3ab16a8d-8ff7-4029-8428-1ea88a178de7.asset
  artifactKey: Guid(bb7623b62bb383344ac511ddbb9fbe83) Importer(815301076,1909f56bfc062723c751e8b465ee728b)
Start importing Assets/TerrainData_3ab16a8d-8ff7-4029-8428-1ea88a178de7.asset using Guid(bb7623b62bb383344ac511ddbb9fbe83) Importer(815301076,1909f56bfc062723c751e8b465ee728b)  -> (artifact id: '2494eed7ed2df3bafa21aa3d7a02573a') in 0.010213 seconds 
  Import took 0.014735 seconds .

========================================================================
Received Import Request.
  Time since last request: 0.000325 seconds.
  path: Assets/TerrainData_17d387ff-e1e9-4d46-b5f3-d44ee8449508.asset
  artifactKey: Guid(dbb94d08beb694449907315879368a10) Importer(815301076,1909f56bfc062723c751e8b465ee728b)
Start importing Assets/TerrainData_17d387ff-e1e9-4d46-b5f3-d44ee8449508.asset using Guid(dbb94d08beb694449907315879368a10) Importer(815301076,1909f56bfc062723c751e8b465ee728b)  -> (artifact id: 'be56d8976274bb5c7698e5a3640020ee') in 0.010323 seconds 
  Import took 0.014797 seconds .

========================================================================
Received Import Request.
  Time since last request: 0.000355 seconds.
  path: Assets/TerrainData_6de6d527-24fd-435b-8c86-24fc6cd9ad52.asset
  artifactKey: Guid(f3f5930dc8be0cf45bb203b9f285ee91) Importer(815301076,1909f56bfc062723c751e8b465ee728b)
Start importing Assets/TerrainData_6de6d527-24fd-435b-8c86-24fc6cd9ad52.asset using Guid(f3f5930dc8be0cf45bb203b9f285ee91) Importer(815301076,1909f56bfc062723c751e8b465ee728b)  -> (artifact id: 'd551f7c430fc8345b14d73d2d45a2837') in 0.010259 seconds 
  Import took 0.014810 seconds .

========================================================================
Received Import Request.
  Time since last request: 0.000264 seconds.
  path: Assets/TerrainData_7ec12be2-ab4e-476e-a563-9ffb6dea0e3c.asset
  artifactKey: Guid(595dcb19f6e81f143aa4434b31353cce) Importer(815301076,1909f56bfc062723c751e8b465ee728b)
Start importing Assets/TerrainData_7ec12be2-ab4e-476e-a563-9ffb6dea0e3c.asset using Guid(595dcb19f6e81f143aa4434b31353cce) Importer(815301076,1909f56bfc062723c751e8b465ee728b)  -> (artifact id: '98e812fe68131b80fe8d33051d27aa12') in 0.011577 seconds 
  Import took 0.015727 seconds .

========================================================================
Received Import Request.
  Time since last request: 0.000316 seconds.
  path: Assets/TerrainData_925f735c-2da1-487b-8acc-3d606c484e29.asset
  artifactKey: Guid(56da33e6d3853f84094592b04955609d) Importer(815301076,1909f56bfc062723c751e8b465ee728b)
Start importing Assets/TerrainData_925f735c-2da1-487b-8acc-3d606c484e29.asset using Guid(56da33e6d3853f84094592b04955609d) Importer(815301076,1909f56bfc062723c751e8b465ee728b)  -> (artifact id: '26b80f6dfe6d2d20f4de2407af23ea2d') in 0.029016 seconds 
  Import took 0.033100 seconds .

========================================================================
Received Import Request.
  Time since last request: 0.000375 seconds.
  path: Assets/TerrainData_0695f965-2177-4f86-a108-d74a25de0fb7.asset
  artifactKey: Guid(4a45ad413590c4e4caa047954af7db6f) Importer(815301076,1909f56bfc062723c751e8b465ee728b)
Start importing Assets/TerrainData_0695f965-2177-4f86-a108-d74a25de0fb7.asset using Guid(4a45ad413590c4e4caa047954af7db6f) Importer(815301076,1909f56bfc062723c751e8b465ee728b)  -> (artifact id: '722db647ce10675a2d3a8b3fcf3d017c') in 0.010222 seconds 
  Import took 0.013898 seconds .

========================================================================
Received Import Request.
  Time since last request: 0.000412 seconds.
  path: Assets/TerrainData_07fc1897-2a4c-43db-aa94-c977c3c70042.asset
  artifactKey: Guid(f0af231b003918d4ebf94e803498b5df) Importer(815301076,1909f56bfc062723c751e8b465ee728b)
Start importing Assets/TerrainData_07fc1897-2a4c-43db-aa94-c977c3c70042.asset using Guid(f0af231b003918d4ebf94e803498b5df) Importer(815301076,1909f56bfc062723c751e8b465ee728b)  -> (artifact id: '25a91e7395aa01d2523681db8a1c1de1') in 0.010236 seconds 
  Import took 0.015289 seconds .

========================================================================
Received Import Request.
  Time since last request: 0.000322 seconds.
  path: Assets/TerrainData_172d5804-9f58-4e4a-a4d8-86eb2c99dffe.asset
  artifactKey: Guid(acf12d866494a3d47b51991dff57ace5) Importer(815301076,1909f56bfc062723c751e8b465ee728b)
Start importing Assets/TerrainData_172d5804-9f58-4e4a-a4d8-86eb2c99dffe.asset using Guid(acf12d866494a3d47b51991dff57ace5) Importer(815301076,1909f56bfc062723c751e8b465ee728b)  -> (artifact id: '7db7bff58cdc55ad971b187c311b9cdb') in 0.010870 seconds 
  Import took 0.014158 seconds .

========================================================================
Received Import Request.
  Time since last request: 0.000233 seconds.
  path: Assets/TerrainData_2e9e49af-c9ae-4f3a-957a-7b5da06b1cac.asset
  artifactKey: Guid(d4eae93df8a55c843aea66d2504dbaad) Importer(815301076,1909f56bfc062723c751e8b465ee728b)
Start importing Assets/TerrainData_2e9e49af-c9ae-4f3a-957a-7b5da06b1cac.asset using Guid(d4eae93df8a55c843aea66d2504dbaad) Importer(815301076,1909f56bfc062723c751e8b465ee728b)  -> (artifact id: '0b0e499cda65a5f770c1c1cf02822237') in 0.010298 seconds 
  Import took 0.014636 seconds .

========================================================================
Received Import Request.
  Time since last request: 0.000298 seconds.
  path: Assets/TerrainData_234e14df-90b6-448c-98c2-cf60d7b3342b.asset
  artifactKey: Guid(06b437255ea8389499b07d5f5d42fe56) Importer(815301076,1909f56bfc062723c751e8b465ee728b)
Start importing Assets/TerrainData_234e14df-90b6-448c-98c2-cf60d7b3342b.asset using Guid(06b437255ea8389499b07d5f5d42fe56) Importer(815301076,1909f56bfc062723c751e8b465ee728b)  -> (artifact id: 'a4c94e5faa19a307b321d3eac430b84c') in 0.009486 seconds 
  Import took 0.014320 seconds .

========================================================================
Received Import Request.
  Time since last request: 0.000334 seconds.
  path: Assets/TerrainData_346e88ee-dbc1-4ca5-b25f-f68d3aa15822.asset
  artifactKey: Guid(578016f4b9888a44d817559dfd151f13) Importer(815301076,1909f56bfc062723c751e8b465ee728b)
Start importing Assets/TerrainData_346e88ee-dbc1-4ca5-b25f-f68d3aa15822.asset using Guid(578016f4b9888a44d817559dfd151f13) Importer(815301076,1909f56bfc062723c751e8b465ee728b)  -> (artifact id: '5f82b190fcc8dab5c5dcffeb6c1a1cd9') in 0.011666 seconds 
  Import took 0.016853 seconds .

========================================================================
Received Import Request.
  Time since last request: 0.000299 seconds.
  path: Assets/TerrainData_175d0944-e366-4f00-b99e-abe3901465a1.asset
  artifactKey: Guid(2961f74eee9117f44873ee2f03cf5c31) Importer(815301076,1909f56bfc062723c751e8b465ee728b)
Start importing Assets/TerrainData_175d0944-e366-4f00-b99e-abe3901465a1.asset using Guid(2961f74eee9117f44873ee2f03cf5c31) Importer(815301076,1909f56bfc062723c751e8b465ee728b)  -> (artifact id: '30c2d041cd9af45a22cdda35c3e0a5e0') in 0.008764 seconds 
  Import took 0.013915 seconds .

========================================================================
Received Import Request.
  Time since last request: 0.000429 seconds.
  path: Assets/TerrainData_28d76b3f-9dcd-4a7f-98fb-7891d7e8b093.asset
  artifactKey: Guid(628aea9ee7f8a3d45b1b14703fc7f30b) Importer(815301076,1909f56bfc062723c751e8b465ee728b)
Start importing Assets/TerrainData_28d76b3f-9dcd-4a7f-98fb-7891d7e8b093.asset using Guid(628aea9ee7f8a3d45b1b14703fc7f30b) Importer(815301076,1909f56bfc062723c751e8b465ee728b)  -> (artifact id: '5978013f5b73649b399314ba99cd1463') in 0.011019 seconds 
  Import took 0.015871 seconds .

========================================================================
Received Import Request.
  Time since last request: 0.000342 seconds.
  path: Assets/TerrainData_786c00f5-9fdf-43ee-b325-7d05d28414ec.asset
  artifactKey: Guid(7bcacbc38dc301b4db67b98b4d847bcf) Importer(815301076,1909f56bfc062723c751e8b465ee728b)
Start importing Assets/TerrainData_786c00f5-9fdf-43ee-b325-7d05d28414ec.asset using Guid(7bcacbc38dc301b4db67b98b4d847bcf) Importer(815301076,1909f56bfc062723c751e8b465ee728b)  -> (artifact id: '0e678a46620860d5e5a0c8c8b1c76c3c') in 0.032233 seconds 
  Import took 0.036208 seconds .

========================================================================
Received Import Request.
  Time since last request: 0.000353 seconds.
  path: Assets/TerrainData_745b49a0-d48d-49a8-afb2-37158a8c7a3f.asset
  artifactKey: Guid(ab940d0b9a5be8e4c9fa8304fc23758e) Importer(815301076,1909f56bfc062723c751e8b465ee728b)
Start importing Assets/TerrainData_745b49a0-d48d-49a8-afb2-37158a8c7a3f.asset using Guid(ab940d0b9a5be8e4c9fa8304fc23758e) Importer(815301076,1909f56bfc062723c751e8b465ee728b)  -> (artifact id: 'e3f69e8d9a85a920aa9b3dd80b763ea3') in 0.009701 seconds 
  Import took 0.013807 seconds .

========================================================================
Received Import Request.
  Time since last request: 0.000308 seconds.
  path: Assets/TerrainData_09e3ffe8-3d2d-4df9-9fd8-d9003b2a7d0f.asset
  artifactKey: Guid(3686fea84057c344883dd16cd6f370b2) Importer(815301076,1909f56bfc062723c751e8b465ee728b)
Start importing Assets/TerrainData_09e3ffe8-3d2d-4df9-9fd8-d9003b2a7d0f.asset using Guid(3686fea84057c344883dd16cd6f370b2) Importer(815301076,1909f56bfc062723c751e8b465ee728b)  -> (artifact id: 'a896ba842d840658c39b785c3184a800') in 0.009386 seconds 
  Import took 0.014165 seconds .

========================================================================
Received Import Request.
  Time since last request: 0.000323 seconds.
  path: Assets/TerrainData_4d7afeb9-bede-4779-9e29-b5f1595b77ea.asset
  artifactKey: Guid(a2abd6228a4369145a95fdc61968616f) Importer(815301076,1909f56bfc062723c751e8b465ee728b)
Start importing Assets/TerrainData_4d7afeb9-bede-4779-9e29-b5f1595b77ea.asset using Guid(a2abd6228a4369145a95fdc61968616f) Importer(815301076,1909f56bfc062723c751e8b465ee728b)  -> (artifact id: 'bf1f102d7cf0112a8547c3e7a3cbed82') in 0.011314 seconds 
  Import took 0.014745 seconds .

========================================================================
Received Import Request.
  Time since last request: 0.000282 seconds.
  path: Assets/TerrainData_404c2540-9140-4b6e-9d83-2e3adcce6363.asset
  artifactKey: Guid(cb0f54b3fa91fd141a264772a1f6485b) Importer(815301076,1909f56bfc062723c751e8b465ee728b)
Start importing Assets/TerrainData_404c2540-9140-4b6e-9d83-2e3adcce6363.asset using Guid(cb0f54b3fa91fd141a264772a1f6485b) Importer(815301076,1909f56bfc062723c751e8b465ee728b)  -> (artifact id: 'cdd23ee032293c53a218958c0d55096f') in 0.011702 seconds 
  Import took 0.017363 seconds .

========================================================================
Received Import Request.
  Time since last request: 0.000253 seconds.
  path: Assets/New Terrain 1.asset
  artifactKey: Guid(467a9d63f874aa64c9b36e87783c3026) Importer(815301076,1909f56bfc062723c751e8b465ee728b)
Start importing Assets/New Terrain 1.asset using Guid(467a9d63f874aa64c9b36e87783c3026) Importer(815301076,1909f56bfc062723c751e8b465ee728b) The tree cloud couldn't be instanced because the prefab contains no valid mesh renderer.
 -> (artifact id: '5a9285684d148ccee1d40ffde8d1efcd') in 0.012399 seconds 
  Import took 0.017453 seconds .

========================================================================
Received Import Request.
  Time since last request: 0.000344 seconds.
  path: Assets/New Terrain 2.asset
  artifactKey: Guid(3d6fd0f9a2b35a0418e55b014b4d73ff) Importer(815301076,1909f56bfc062723c751e8b465ee728b)
Start importing Assets/New Terrain 2.asset using Guid(3d6fd0f9a2b35a0418e55b014b4d73ff) Importer(815301076,1909f56bfc062723c751e8b465ee728b)  -> (artifact id: 'a37497959ba21fd358616cfd6f4717d4') in 0.011142 seconds 
  Import took 0.015787 seconds .

========================================================================
Received Import Request.
  Time since last request: 0.000284 seconds.
  path: Assets/TerrainData_59ee4cbf-2652-4f91-8721-313d339b8da3.asset
  artifactKey: Guid(c136cfa87ee52c54fb6b2f5c3b0e333f) Importer(815301076,1909f56bfc062723c751e8b465ee728b)
Start importing Assets/TerrainData_59ee4cbf-2652-4f91-8721-313d339b8da3.asset using Guid(c136cfa87ee52c54fb6b2f5c3b0e333f) Importer(815301076,1909f56bfc062723c751e8b465ee728b)  -> (artifact id: '22b70b674ff70edee952a47035703623') in 0.009909 seconds 
  Import took 0.015277 seconds .

========================================================================
Received Import Request.
  Time since last request: 0.000322 seconds.
  path: Assets/New Terrain 3.asset
  artifactKey: Guid(205927977cfb3a041980dd3e835f5987) Importer(815301076,1909f56bfc062723c751e8b465ee728b)
Start importing Assets/New Terrain 3.asset using Guid(205927977cfb3a041980dd3e835f5987) Importer(815301076,1909f56bfc062723c751e8b465ee728b)  -> (artifact id: '889bedd4aa4a800b170bfab6668023d8') in 0.010941 seconds 
  Import took 0.016333 seconds .

========================================================================
Received Import Request.
  Time since last request: 0.000305 seconds.
  path: Assets/TerrainData_881a7f5b-ec12-4dbb-bf69-b01ef6659da6.asset
  artifactKey: Guid(34c06696d42b95348bef8e52096953cb) Importer(815301076,1909f56bfc062723c751e8b465ee728b)
Start importing Assets/TerrainData_881a7f5b-ec12-4dbb-bf69-b01ef6659da6.asset using Guid(34c06696d42b95348bef8e52096953cb) Importer(815301076,1909f56bfc062723c751e8b465ee728b)  -> (artifact id: '12e4a530fc0deac5d53e1512ae73984f') in 0.011603 seconds 
  Import took 0.017269 seconds .

========================================================================
Received Import Request.
  Time since last request: 0.000290 seconds.
  path: Assets/TerrainData_1efff495-32fc-4d9d-8748-f0700c334c77.asset
  artifactKey: Guid(14f1aebc2fa125449a0f4d8fa1843f60) Importer(815301076,1909f56bfc062723c751e8b465ee728b)
Start importing Assets/TerrainData_1efff495-32fc-4d9d-8748-f0700c334c77.asset using Guid(14f1aebc2fa125449a0f4d8fa1843f60) Importer(815301076,1909f56bfc062723c751e8b465ee728b)  -> (artifact id: '0b8820eb3e556380430ff6093f6746eb') in 0.011591 seconds 
  Import took 0.015787 seconds .

========================================================================
Received Import Request.
  Time since last request: 0.000257 seconds.
  path: Assets/TerrainData_2ba6df12-b511-41a1-a7b2-5d54f7dd823a.asset
  artifactKey: Guid(72e11b5a4b7490542a4855a293486300) Importer(815301076,1909f56bfc062723c751e8b465ee728b)
Start importing Assets/TerrainData_2ba6df12-b511-41a1-a7b2-5d54f7dd823a.asset using Guid(72e11b5a4b7490542a4855a293486300) Importer(815301076,1909f56bfc062723c751e8b465ee728b)  -> (artifact id: 'db632f15cf101bfe1a777597388d447c') in 0.010513 seconds 
  Import took 0.014158 seconds .

========================================================================
Received Import Request.
  Time since last request: 0.000382 seconds.
  path: Assets/TerrainData_5c13c784-31ef-481e-876b-adcf14bb22b0.asset
  artifactKey: Guid(8eb731e193e1bcd44837a5780a15e5ac) Importer(815301076,1909f56bfc062723c751e8b465ee728b)
Start importing Assets/TerrainData_5c13c784-31ef-481e-876b-adcf14bb22b0.asset using Guid(8eb731e193e1bcd44837a5780a15e5ac) Importer(815301076,1909f56bfc062723c751e8b465ee728b)  -> (artifact id: 'ef0d42934ac8a0e3a5993557a28e11a3') in 0.010111 seconds 
  Import took 0.016536 seconds .

========================================================================
Received Import Request.
  Time since last request: 0.000327 seconds.
  path: Assets/TerrainData_3bd4b977-9c85-47ac-9a89-5a8fee7a7152.asset
  artifactKey: Guid(65afa53c54138cd488bf5eefb8540bf8) Importer(815301076,1909f56bfc062723c751e8b465ee728b)
Start importing Assets/TerrainData_3bd4b977-9c85-47ac-9a89-5a8fee7a7152.asset using Guid(65afa53c54138cd488bf5eefb8540bf8) Importer(815301076,1909f56bfc062723c751e8b465ee728b)  -> (artifact id: 'bc6163370c2f9d25d50cb1a529dd663e') in 0.237658 seconds 
  Import took 0.241066 seconds .

========================================================================
Received Import Request.
  Time since last request: 0.000582 seconds.
  path: Assets/TerrainData_092d9c7e-4a7d-4e9e-b87b-974d7f7f98c9.asset
  artifactKey: Guid(23c57586b535762459e8543bbc9c87c1) Importer(815301076,1909f56bfc062723c751e8b465ee728b)
Start importing Assets/TerrainData_092d9c7e-4a7d-4e9e-b87b-974d7f7f98c9.asset using Guid(23c57586b535762459e8543bbc9c87c1) Importer(815301076,1909f56bfc062723c751e8b465ee728b) The tree cloud couldn't be instanced because the prefab contains no valid mesh renderer.
 -> (artifact id: 'd85b08b9a44628e463309995a501c40c') in 0.011637 seconds 
  Import took 0.016090 seconds .

========================================================================
Received Import Request.
  Time since last request: 0.000452 seconds.
  path: Assets/TerrainData_3d9b6edc-98c3-4b55-a299-486ca1ddb1e1.asset
  artifactKey: Guid(47340dcc24a9c734aa110d28aa3856f6) Importer(815301076,1909f56bfc062723c751e8b465ee728b)
Start importing Assets/TerrainData_3d9b6edc-98c3-4b55-a299-486ca1ddb1e1.asset using Guid(47340dcc24a9c734aa110d28aa3856f6) Importer(815301076,1909f56bfc062723c751e8b465ee728b) The tree cloud couldn't be instanced because the prefab contains no valid mesh renderer.
 -> (artifact id: '2e14f5befb72cdec7fb401a6edca6f86') in 0.013141 seconds 
  Import took 0.018648 seconds .

========================================================================
Received Import Request.
  Time since last request: 0.000459 seconds.
  path: Assets/TerrainData_1e999d8f-ec10-439f-b53e-650f619c04c6.asset
  artifactKey: Guid(2b53b56589e12d447853c019b6b21cca) Importer(815301076,1909f56bfc062723c751e8b465ee728b)
Start importing Assets/TerrainData_1e999d8f-ec10-439f-b53e-650f619c04c6.asset using Guid(2b53b56589e12d447853c019b6b21cca) Importer(815301076,1909f56bfc062723c751e8b465ee728b)  -> (artifact id: '7811a1066779fae6a222325c37e144f7') in 0.011808 seconds 
  Import took 0.016226 seconds .

========================================================================
Received Import Request.
  Time since last request: 0.000331 seconds.
  path: Assets/TerrainData_9d831d80-340c-4627-b396-a44197bcfbe0.asset
  artifactKey: Guid(31398add0ff92ba49b7732bcadd61935) Importer(815301076,1909f56bfc062723c751e8b465ee728b)
Start importing Assets/TerrainData_9d831d80-340c-4627-b396-a44197bcfbe0.asset using Guid(31398add0ff92ba49b7732bcadd61935) Importer(815301076,1909f56bfc062723c751e8b465ee728b)  -> (artifact id: 'b9a309b6db4747c500bb95af01e99ae5') in 0.009270 seconds 
  Import took 0.014422 seconds .

========================================================================
Received Import Request.
  Time since last request: 0.000455 seconds.
  path: Assets/TerrainData_6c779130-ab10-4fd7-9edf-3adfa26301d4.asset
  artifactKey: Guid(c819fcd67a5fd624c96c5bcb88d4d9b2) Importer(815301076,1909f56bfc062723c751e8b465ee728b)
Start importing Assets/TerrainData_6c779130-ab10-4fd7-9edf-3adfa26301d4.asset using Guid(c819fcd67a5fd624c96c5bcb88d4d9b2) Importer(815301076,1909f56bfc062723c751e8b465ee728b)  -> (artifact id: 'c4aec4e37cc0cf32c2d7616b51b899d5') in 0.009613 seconds 
  Import took 0.014881 seconds .

========================================================================
Received Import Request.
  Time since last request: 0.000614 seconds.
  path: Assets/TerrainData_2336fd8d-fd10-45e3-aff6-7325b719869a.asset
  artifactKey: Guid(5baf0c31079d8cb4188a161aceda6ae9) Importer(815301076,1909f56bfc062723c751e8b465ee728b)
Start importing Assets/TerrainData_2336fd8d-fd10-45e3-aff6-7325b719869a.asset using Guid(5baf0c31079d8cb4188a161aceda6ae9) Importer(815301076,1909f56bfc062723c751e8b465ee728b)  -> (artifact id: '801f243391ec63536a5fbe7dcab43655') in 0.010262 seconds 
  Import took 0.014715 seconds .

========================================================================
Received Import Request.
  Time since last request: 0.000360 seconds.
  path: Assets/TerrainData_4d1f63ff-6821-419f-8a2d-4eb885919778.asset
  artifactKey: Guid(c6822f5ff4e31e24389f94bd87dab979) Importer(815301076,1909f56bfc062723c751e8b465ee728b)
Start importing Assets/TerrainData_4d1f63ff-6821-419f-8a2d-4eb885919778.asset using Guid(c6822f5ff4e31e24389f94bd87dab979) Importer(815301076,1909f56bfc062723c751e8b465ee728b)  -> (artifact id: 'fcb0643e9b09bff1494affaeda20c4ca') in 0.008998 seconds 
  Import took 0.013745 seconds .

========================================================================
Received Import Request.
  Time since last request: 0.000437 seconds.
  path: Assets/New Terrain.asset
  artifactKey: Guid(f9cd3cedd4d87a44ca20aedd36f2424f) Importer(815301076,1909f56bfc062723c751e8b465ee728b)
Start importing Assets/New Terrain.asset using Guid(f9cd3cedd4d87a44ca20aedd36f2424f) Importer(815301076,1909f56bfc062723c751e8b465ee728b)  -> (artifact id: '4a169f49b8382301fd21bdf10117a134') in 0.008845 seconds 
  Import took 0.013848 seconds .

========================================================================
Received Import Request.
  Time since last request: 0.000470 seconds.
  path: Assets/TerrainData_19bccffb-5019-4d0e-a3f5-4413d6b41a3b.asset
  artifactKey: Guid(911ff9455ddf65b4ba1324555d17686e) Importer(815301076,1909f56bfc062723c751e8b465ee728b)
Start importing Assets/TerrainData_19bccffb-5019-4d0e-a3f5-4413d6b41a3b.asset using Guid(911ff9455ddf65b4ba1324555d17686e) Importer(815301076,1909f56bfc062723c751e8b465ee728b)  -> (artifact id: '266285f091fe21a1910ca42422116ad9') in 0.012203 seconds 
  Import took 0.016923 seconds .

========================================================================
Received Import Request.
  Time since last request: 0.000403 seconds.
  path: Assets/TerrainData_79cd7d25-4c19-42a3-ab21-86b9272a0935.asset
  artifactKey: Guid(a8ceeeac3bfbf9a4386f0cbc67c3270c) Importer(815301076,1909f56bfc062723c751e8b465ee728b)
Start importing Assets/TerrainData_79cd7d25-4c19-42a3-ab21-86b9272a0935.asset using Guid(a8ceeeac3bfbf9a4386f0cbc67c3270c) Importer(815301076,1909f56bfc062723c751e8b465ee728b)  -> (artifact id: '756a07abe9f8359d64ca3eb71d6d264e') in 0.010620 seconds 
  Import took 0.015249 seconds .

========================================================================
Received Import Request.
  Time since last request: 0.000362 seconds.
  path: Assets/TerrainData_89ed3fcf-ea99-4a96-8756-241057c0923c.asset
  artifactKey: Guid(c00bcc754fa90de42a767503a7c3f596) Importer(815301076,1909f56bfc062723c751e8b465ee728b)
Start importing Assets/TerrainData_89ed3fcf-ea99-4a96-8756-241057c0923c.asset using Guid(c00bcc754fa90de42a767503a7c3f596) Importer(815301076,1909f56bfc062723c751e8b465ee728b)  -> (artifact id: '3e0f059bfbba28f30b5dec4da684e6da') in 0.008900 seconds 
  Import took 0.013932 seconds .

========================================================================
Received Import Request.
  Time since last request: 0.000320 seconds.
  path: Assets/TerrainData_1662bfe4-39f5-46d6-8bd6-d4a035b592b8.asset
  artifactKey: Guid(8a5a9be9a2cf9f54e869f68f6a646561) Importer(815301076,1909f56bfc062723c751e8b465ee728b)
Start importing Assets/TerrainData_1662bfe4-39f5-46d6-8bd6-d4a035b592b8.asset using Guid(8a5a9be9a2cf9f54e869f68f6a646561) Importer(815301076,1909f56bfc062723c751e8b465ee728b)  -> (artifact id: '727f55dbae3b704cc95bda6f29b7d094') in 0.009518 seconds 
  Import took 0.013061 seconds .

========================================================================
Received Import Request.
  Time since last request: 0.000485 seconds.
  path: Assets/TerrainData_7cdf6d59-19e6-4f45-9dd2-d100e8863b29.asset
  artifactKey: Guid(80c5130d0a73d194ab5c05a30b98d596) Importer(815301076,1909f56bfc062723c751e8b465ee728b)
Start importing Assets/TerrainData_7cdf6d59-19e6-4f45-9dd2-d100e8863b29.asset using Guid(80c5130d0a73d194ab5c05a30b98d596) Importer(815301076,1909f56bfc062723c751e8b465ee728b) The tree cloud couldn't be instanced because the prefab contains no valid mesh renderer.
 -> (artifact id: '432f6e5d219d1a9d9f739d0e579f7cec') in 0.010829 seconds 
  Import took 0.015226 seconds .

========================================================================
Received Import Request.
  Time since last request: 0.000391 seconds.
  path: Assets/TerrainData_4257ab8c-9d32-431f-bc67-d4254ef4ae88.asset
  artifactKey: Guid(35b93bdb183ac264ca2f4b65eee886bf) Importer(815301076,1909f56bfc062723c751e8b465ee728b)
Start importing Assets/TerrainData_4257ab8c-9d32-431f-bc67-d4254ef4ae88.asset using Guid(35b93bdb183ac264ca2f4b65eee886bf) Importer(815301076,1909f56bfc062723c751e8b465ee728b)  -> (artifact id: 'e180e719d92138682df47ae58e32d73e') in 0.008425 seconds 
  Import took 0.012894 seconds .

========================================================================
Received Import Request.
  Time since last request: 6.758307 seconds.
  path: Assets/Resources/Audio.prefab
  artifactKey: Guid(0e2ba3059d852814cb2ae85e510efac1) Importer(815301076,1909f56bfc062723c751e8b465ee728b)
Start importing Assets/Resources/Audio.prefab using Guid(0e2ba3059d852814cb2ae85e510efac1) Importer(815301076,1909f56bfc062723c751e8b465ee728b)  -> (artifact id: 'fcc101aea558ab462d5af736a6a5d3d2') in 0.019464 seconds 
  Import took 0.023306 seconds .

========================================================================
Received Import Request.
  Time since last request: 0.000428 seconds.
  path: Assets/Resources/cannon2.fbx
  artifactKey: Guid(041a4c4217ed2794596cc37a21475995) Importer(815301076,1909f56bfc062723c751e8b465ee728b)
Start importing Assets/Resources/cannon2.fbx using Guid(041a4c4217ed2794596cc37a21475995) Importer(815301076,1909f56bfc062723c751e8b465ee728b)  -> (artifact id: '2d704fb67cdfe9eb468220e3642d4032') in 0.198565 seconds 
  Import took 0.202435 seconds .

========================================================================
Received Import Request.
  Time since last request: 0.000367 seconds.
  path: Assets/Resources/Personage.prefab
  artifactKey: Guid(257deab999cbc1d4ab9684879e1ef803) Importer(815301076,1909f56bfc062723c751e8b465ee728b)
Start importing Assets/Resources/Personage.prefab using Guid(257deab999cbc1d4ab9684879e1ef803) Importer(815301076,1909f56bfc062723c751e8b465ee728b)  -> (artifact id: '46e347c96743ff5b9a5d1611ef4c2f31') in 0.066941 seconds 
  Import took 0.070946 seconds .

========================================================================
Received Import Request.
  Time since last request: 0.000273 seconds.
  path: Assets/Resources/petit_bateaux.fbx
  artifactKey: Guid(c21384af4d24e90448a682dd7568ccc1) Importer(815301076,1909f56bfc062723c751e8b465ee728b)
Start importing Assets/Resources/petit_bateaux.fbx using Guid(c21384af4d24e90448a682dd7568ccc1) Importer(815301076,1909f56bfc062723c751e8b465ee728b)  -> (artifact id: 'c5c5d3442cfa31af2fca67ba57f1a0a9') in 0.344999 seconds 
  Import took 0.348432 seconds .

========================================================================
Received Import Request.
  Time since last request: 0.000226 seconds.
  path: Assets/Resources/petit_bateaux2.fbx
  artifactKey: Guid(8b5597f6d40275241a5cf6705bc97e13) Importer(815301076,1909f56bfc062723c751e8b465ee728b)
Start importing Assets/Resources/petit_bateaux2.fbx using Guid(8b5597f6d40275241a5cf6705bc97e13) Importer(815301076,1909f56bfc062723c751e8b465ee728b)  -> (artifact id: '5db49c8f9b2ff69f0e321293777168cb') in 0.188664 seconds 
  Import took 0.192150 seconds .

========================================================================
Received Import Request.
  Time since last request: 0.000355 seconds.
  path: Assets/Resources/Sphere.prefab
  artifactKey: Guid(fe36a544fbd50614d9b799eee751d31d) Importer(815301076,1909f56bfc062723c751e8b465ee728b)
Start importing Assets/Resources/Sphere.prefab using Guid(fe36a544fbd50614d9b799eee751d31d) Importer(815301076,1909f56bfc062723c751e8b465ee728b)  -> (artifact id: 'a1a94ecb377a0f20883e4cd47c06492b') in 0.013288 seconds 
  Import took 0.017997 seconds .

========================================================================
Received Import Request.
  Time since last request: 0.000423 seconds.
  path: Assets/Resources/contacte.prefab
  artifactKey: Guid(51ecebd73ccd2f74ca329ad400bd9595) Importer(815301076,1909f56bfc062723c751e8b465ee728b)
Start importing Assets/Resources/contacte.prefab using Guid(51ecebd73ccd2f74ca329ad400bd9595) Importer(815301076,1909f56bfc062723c751e8b465ee728b)  -> (artifact id: 'd5a0659cac0388b069b02e433bf886b2') in 0.012386 seconds 
  Import took 0.016697 seconds .

========================================================================
Received Import Request.
  Time since last request: 0.000391 seconds.
  path: Assets/Resources/Sphere2.prefab
  artifactKey: Guid(cc8f7846482848943861142b80632465) Importer(815301076,1909f56bfc062723c751e8b465ee728b)
Start importing Assets/Resources/Sphere2.prefab using Guid(cc8f7846482848943861142b80632465) Importer(815301076,1909f56bfc062723c751e8b465ee728b)  -> (artifact id: '28283203e764dfa8b167eb94f2908e8b') in 0.013443 seconds 
  Import took 0.019474 seconds .

========================================================================
Received Import Request.
  Time since last request: 0.000541 seconds.
  path: Assets/Resources/cannon.fbx
  artifactKey: Guid(8588a5810a9c10c4fac925eb1b5abe5c) Importer(815301076,1909f56bfc062723c751e8b465ee728b)
Start importing Assets/Resources/cannon.fbx using Guid(8588a5810a9c10c4fac925eb1b5abe5c) Importer(815301076,1909f56bfc062723c751e8b465ee728b)  -> (artifact id: '73bac174789dd78907d35868c756666a') in 0.097564 seconds 
  Import took 0.100724 seconds .

========================================================================
Received Import Request.
  Time since last request: 0.000351 seconds.
  path: Assets/Resources/Sphere 1.prefab
  artifactKey: Guid(fed2df8c1debad24c8b279a14f41f922) Importer(815301076,1909f56bfc062723c751e8b465ee728b)
Start importing Assets/Resources/Sphere 1.prefab using Guid(fed2df8c1debad24c8b279a14f41f922) Importer(815301076,1909f56bfc062723c751e8b465ee728b)  -> (artifact id: '3d2aebfcd08bfdf2ba24f261ac465b73') in 0.011495 seconds 
  Import took 0.015883 seconds .

========================================================================
Received Import Request.
  Time since last request: 0.000431 seconds.
  path: Assets/Resources/start_canon.prefab
  artifactKey: Guid(e0dbbe2351d90ae48b8e4a43f7d7bae7) Importer(815301076,1909f56bfc062723c751e8b465ee728b)
Start importing Assets/Resources/start_canon.prefab using Guid(e0dbbe2351d90ae48b8e4a43f7d7bae7) Importer(815301076,1909f56bfc062723c751e8b465ee728b)  -> (artifact id: '5008659587b0feb5a1ae00a60bd9e2c1') in 0.005906 seconds 
  Import took 0.010853 seconds .

========================================================================
Received Import Request.
  Time since last request: 0.745127 seconds.
  path: Assets/Resources/couleur
  artifactKey: Guid(a1c5cc8696f82b74586f7077857691b2) Importer(815301076,1909f56bfc062723c751e8b465ee728b)
Start importing Assets/Resources/couleur using Guid(a1c5cc8696f82b74586f7077857691b2) Importer(815301076,1909f56bfc062723c751e8b465ee728b)  -> (artifact id: '39b9a278c4dbfd241f537d14eea7bc37') in 0.002783 seconds 
  Import took 0.006197 seconds .

========================================================================
Received Import Request.
  Time since last request: 0.129667 seconds.
  path: Assets/Resources/couleur/batteaux.fbx
  artifactKey: Guid(d19de7c2ca0b65d4784e54ca4f53ca3c) Importer(815301076,1909f56bfc062723c751e8b465ee728b)
Start importing Assets/Resources/couleur/batteaux.fbx using Guid(d19de7c2ca0b65d4784e54ca4f53ca3c) Importer(815301076,1909f56bfc062723c751e8b465ee728b)  -> (artifact id: 'd221372ab885dd04ca37e38cd013cd04') in 0.562080 seconds 
  Import took 0.567857 seconds .

========================================================================
Received Import Request.
  Time since last request: 0.000360 seconds.
  path: Assets/Resources/couleur/MetalPlates011_4K_Color.png
  artifactKey: Guid(94e40c504ffd5084dac94e569d887806) Importer(815301076,1909f56bfc062723c751e8b465ee728b)
Start importing Assets/Resources/couleur/MetalPlates011_4K_Color.png using Guid(94e40c504ffd5084dac94e569d887806) Importer(815301076,1909f56bfc062723c751e8b465ee728b)  -> (artifact id: 'c933fcd508e3be4c6fe7f8bee379d528') in 0.098244 seconds 
  Import took 0.102682 seconds .

========================================================================
Received Import Request.
  Time since last request: 0.000414 seconds.
  path: Assets/Resources/couleur/Metal038_4K_Displacement.png
  artifactKey: Guid(e2b0d1e57bd04e84e80395dcf890e2ff) Importer(815301076,1909f56bfc062723c751e8b465ee728b)
Start importing Assets/Resources/couleur/Metal038_4K_Displacement.png using Guid(e2b0d1e57bd04e84e80395dcf890e2ff) Importer(815301076,1909f56bfc062723c751e8b465ee728b)  -> (artifact id: 'b57a562471176ea5aae6b332053cf1f1') in 0.012080 seconds 
  Import took 0.016667 seconds .

========================================================================
Received Import Request.
  Time since last request: 0.000379 seconds.
  path: Assets/Resources/couleur/Rope001_4K_Color.png
  artifactKey: Guid(81f43d2b8796927439fa597b54023f10) Importer(815301076,1909f56bfc062723c751e8b465ee728b)
Start importing Assets/Resources/couleur/Rope001_4K_Color.png using Guid(81f43d2b8796927439fa597b54023f10) Importer(815301076,1909f56bfc062723c751e8b465ee728b)  -> (artifact id: 'ab31dee6198f08e3161b571aed8c04a8') in 0.012574 seconds 
  Import took 0.080324 seconds .

========================================================================
Received Import Request.
  Time since last request: 0.000523 seconds.
  path: Assets/Resources/couleur/Lava004_4K_Color.png
  artifactKey: Guid(4a11af006f686e54cb7351d0c42186cc) Importer(815301076,1909f56bfc062723c751e8b465ee728b)
Start importing Assets/Resources/couleur/Lava004_4K_Color.png using Guid(4a11af006f686e54cb7351d0c42186cc) Importer(815301076,1909f56bfc062723c751e8b465ee728b)  -> (artifact id: '8aaf59c79b50b34b716552db47938ae2') in 0.012385 seconds 
  Import took 0.017537 seconds .

========================================================================
Received Import Request.
  Time since last request: 0.000344 seconds.
  path: Assets/Resources/couleur/MetalPlates010_4K_Color.png
  artifactKey: Guid(b058a4de66714d64288f7817e27e7bd1) Importer(815301076,1909f56bfc062723c751e8b465ee728b)
Start importing Assets/Resources/couleur/MetalPlates010_4K_Color.png using Guid(b058a4de66714d64288f7817e27e7bd1) Importer(815301076,1909f56bfc062723c751e8b465ee728b)  -> (artifact id: 'b2572029ada3826165cd0ff90f35a90a') in 0.013204 seconds 
  Import took 0.018317 seconds .

========================================================================
Received Import Request.
  Time since last request: 0.000374 seconds.
  path: Assets/Resources/couleur/IA.prefab
  artifactKey: Guid(bb50928700784554691466bff07ec524) Importer(815301076,1909f56bfc062723c751e8b465ee728b)
Start importing Assets/Resources/couleur/IA.prefab using Guid(bb50928700784554691466bff07ec524) Importer(815301076,1909f56bfc062723c751e8b465ee728b)  -> (artifact id: 'a844174f761fd80ff63efaff76751c0a') in 0.043884 seconds 
  Import took 0.049779 seconds .

========================================================================
Received Import Request.
  Time since last request: 0.000339 seconds.
  path: Assets/Resources/couleur/WoodFloor041_4K_Color.png
  artifactKey: Guid(296892db0f164a9418ede5fbacbf1e4b) Importer(815301076,1909f56bfc062723c751e8b465ee728b)
Start importing Assets/Resources/couleur/WoodFloor041_4K_Color.png using Guid(296892db0f164a9418ede5fbacbf1e4b) Importer(815301076,1909f56bfc062723c751e8b465ee728b)  -> (artifact id: '1aea6a69075fccb1560296e69eb9580a') in 0.012211 seconds 
  Import took 0.017483 seconds .

========================================================================
Received Import Request.
  Time since last request: 0.000378 seconds.
  path: Assets/Resources/couleur/batteaux.prefab
  artifactKey: Guid(25feafdd87b084e4cb52760ea65bb8d2) Importer(815301076,1909f56bfc062723c751e8b465ee728b)
Start importing Assets/Resources/couleur/batteaux.prefab using Guid(25feafdd87b084e4cb52760ea65bb8d2) Importer(815301076,1909f56bfc062723c751e8b465ee728b)  -> (artifact id: '4677c555477f55fedff11f80972b1cd5') in 0.036750 seconds 
  Import took 0.041047 seconds .

========================================================================
Received Import Request.
  Time since last request: 0.000341 seconds.
  path: Assets/Resources/couleur/Fabric008_4K_Color.png
  artifactKey: Guid(5351c8a326b336a40b675fdacaae0614) Importer(815301076,1909f56bfc062723c751e8b465ee728b)
Start importing Assets/Resources/couleur/Fabric008_4K_Color.png using Guid(5351c8a326b336a40b675fdacaae0614) Importer(815301076,1909f56bfc062723c751e8b465ee728b)  -> (artifact id: 'e97f8d0f43f2070e52994dbcf6fb0126') in 0.013021 seconds 
  Import took 0.017316 seconds .

========================================================================
Received Import Request.
  Time since last request: 11.354413 seconds.
  path: Assets/Resources/cloud/cloud.fbx
  artifactKey: Guid(7942a8f032c9d0140acbf81fb066ab08) Importer(815301076,1909f56bfc062723c751e8b465ee728b)
Start importing Assets/Resources/cloud/cloud.fbx using Guid(7942a8f032c9d0140acbf81fb066ab08) Importer(815301076,1909f56bfc062723c751e8b465ee728b)  -> (artifact id: 'b10673e496bb75937113538b43423b98') in 0.030607 seconds 
  Import took 0.034027 seconds .

========================================================================
Received Import Request.
  Time since last request: 0.000312 seconds.
  path: Assets/Resources/cloud/Paper003_8K_Color.png
  artifactKey: Guid(eebcfbc8faaa9ff4eb9e8fb65130ddea) Importer(815301076,1909f56bfc062723c751e8b465ee728b)
Start importing Assets/Resources/cloud/Paper003_8K_Color.png using Guid(eebcfbc8faaa9ff4eb9e8fb65130ddea) Importer(815301076,1909f56bfc062723c751e8b465ee728b)  -> (artifact id: 'daf8345a4ccfc11124c447a0f964cdd8') in 0.010295 seconds 
  Import took 0.013500 seconds .

========================================================================
Received Import Request.
  Time since last request: 275.242055 seconds.
  path: Assets/Resources/couleur/WoodFloor041_4K_Color 1.png
  artifactKey: Guid(0ec26cd53ba97c947bddc13e27e7681e) Importer(815301076,1909f56bfc062723c751e8b465ee728b)
Start importing Assets/Resources/couleur/WoodFloor041_4K_Color 1.png using Guid(0ec26cd53ba97c947bddc13e27e7681e) Importer(815301076,1909f56bfc062723c751e8b465ee728b)  -> (artifact id: 'b03066607f4aa8f0bb1e05c5bed5f27e') in 0.017623 seconds 
  Import took 0.023594 seconds .

========================================================================
Received Import Request.
  Time since last request: 78.181357 seconds.
  path: Assets/Scenes/MainMixer.mixer
  artifactKey: Guid(99adfb50c1cade24c9996b2bcf18b301) Importer(815301076,1909f56bfc062723c751e8b465ee728b)
Start importing Assets/Scenes/MainMixer.mixer using Guid(99adfb50c1cade24c9996b2bcf18b301) Importer(815301076,1909f56bfc062723c751e8b465ee728b)  -> (artifact id: '96310f4e47d60890297981aedf90f792') in 0.005262 seconds 
  Import took 0.008311 seconds .

========================================================================
Received Import Request.
  Time since last request: 6.687449 seconds.
  path: Assets/Scenes/Map0.unity
  artifactKey: Guid(fa3441cd43c9a164aa2b2c4c32ff176e) Importer(815301076,1909f56bfc062723c751e8b465ee728b)
Start importing Assets/Scenes/Map0.unity using Guid(fa3441cd43c9a164aa2b2c4c32ff176e) Importer(815301076,1909f56bfc062723c751e8b465ee728b)  -> (artifact id: '7f4bf52e5752b66a0cfe54ed409279cb') in 0.003512 seconds 
  Import took 0.008348 seconds .

========================================================================
Received Import Request.
  Time since last request: 178.452130 seconds.
  path: Assets/Resources/couleur/Metal027_4K_Color.png
  artifactKey: Guid(13b66b6c4fc400a4e8c7eb4890be473f) Importer(815301076,1909f56bfc062723c751e8b465ee728b)
Start importing Assets/Resources/couleur/Metal027_4K_Color.png using Guid(13b66b6c4fc400a4e8c7eb4890be473f) Importer(815301076,1909f56bfc062723c751e8b465ee728b)  -> (artifact id: '7b6189f2eeb2e08da89222f15da10cea') in 0.023149 seconds 
  Import took 0.030135 seconds .

========================================================================
Received Import Request.
  Time since last request: 2.896779 seconds.
  path: Assets/Resources/couleur/Metal027_4K_Displacement.png
  artifactKey: Guid(48ee7a57d3b7f9b43adec3fe10eac385) Importer(815301076,1909f56bfc062723c751e8b465ee728b)
Start importing Assets/Resources/couleur/Metal027_4K_Displacement.png using Guid(48ee7a57d3b7f9b43adec3fe10eac385) Importer(815301076,1909f56bfc062723c751e8b465ee728b)  -> (artifact id: '17ac15618b13ae20d27fd596d82ad3ae') in 0.017110 seconds 
  Import took 0.024075 seconds .

AssetImportWorkerClient::OnTransportError - code=2 error=End of file
